

Started GET "/" for ::1 at 2016-07-21 14:01:16 -0400

ActiveRecord::PendingMigrationError (

Migrations are pending. To resolve this issue, run:

	bin/rake db:migrate RAILS_ENV=development

):
  activerecord (4.2.3) lib/active_record/migration.rb:392:in `check_pending!'
  activerecord (4.2.3) lib/active_record/migration.rb:373:in `call'
  actionpack (4.2.3) lib/action_dispatch/middleware/callbacks.rb:29:in `block in call'
  activesupport (4.2.3) lib/active_support/callbacks.rb:84:in `run_callbacks'
  actionpack (4.2.3) lib/action_dispatch/middleware/callbacks.rb:27:in `call'
  actionpack (4.2.3) lib/action_dispatch/middleware/reloader.rb:73:in `call'
  actionpack (4.2.3) lib/action_dispatch/middleware/remote_ip.rb:78:in `call'
  actionpack (4.2.3) lib/action_dispatch/middleware/debug_exceptions.rb:17:in `call'
  web-console (2.3.0) lib/web_console/middleware.rb:28:in `block in call'
  web-console (2.3.0) lib/web_console/middleware.rb:18:in `catch'
  web-console (2.3.0) lib/web_console/middleware.rb:18:in `call'
  actionpack (4.2.3) lib/action_dispatch/middleware/show_exceptions.rb:30:in `call'
  railties (4.2.3) lib/rails/rack/logger.rb:38:in `call_app'
  railties (4.2.3) lib/rails/rack/logger.rb:20:in `block in call'
  activesupport (4.2.3) lib/active_support/tagged_logging.rb:68:in `block in tagged'
  activesupport (4.2.3) lib/active_support/tagged_logging.rb:26:in `tagged'
  activesupport (4.2.3) lib/active_support/tagged_logging.rb:68:in `tagged'
  railties (4.2.3) lib/rails/rack/logger.rb:20:in `call'
  actionpack (4.2.3) lib/action_dispatch/middleware/request_id.rb:21:in `call'
  rack (1.6.4) lib/rack/methodoverride.rb:22:in `call'
  rack (1.6.4) lib/rack/runtime.rb:18:in `call'
  activesupport (4.2.3) lib/active_support/cache/strategy/local_cache_middleware.rb:28:in `call'
  rack (1.6.4) lib/rack/lock.rb:17:in `call'
  actionpack (4.2.3) lib/action_dispatch/middleware/static.rb:116:in `call'
  rack (1.6.4) lib/rack/sendfile.rb:113:in `call'
  railties (4.2.3) lib/rails/engine.rb:518:in `call'
  railties (4.2.3) lib/rails/application.rb:165:in `call'
  rack (1.6.4) lib/rack/lock.rb:17:in `call'
  rack (1.6.4) lib/rack/content_length.rb:15:in `call'
  rack (1.6.4) lib/rack/handler/webrick.rb:88:in `service'
  /Users/Alsedair/.rvm/rubies/ruby-2.2.3/lib/ruby/2.2.0/webrick/httpserver.rb:138:in `service'
  /Users/Alsedair/.rvm/rubies/ruby-2.2.3/lib/ruby/2.2.0/webrick/httpserver.rb:94:in `run'
  /Users/Alsedair/.rvm/rubies/ruby-2.2.3/lib/ruby/2.2.0/webrick/server.rb:294:in `block in start_thread'


  Rendered /Users/Alsedair/.rvm/gems/ruby-2.2.3/gems/actionpack-4.2.3/lib/action_dispatch/middleware/templates/rescues/_source.erb (1.9ms)
  Rendered /Users/Alsedair/.rvm/gems/ruby-2.2.3/gems/actionpack-4.2.3/lib/action_dispatch/middleware/templates/rescues/_trace.html.erb (1.2ms)
  Rendered /Users/Alsedair/.rvm/gems/ruby-2.2.3/gems/actionpack-4.2.3/lib/action_dispatch/middleware/templates/rescues/_request_and_response.html.erb (0.7ms)
  Rendered /Users/Alsedair/.rvm/gems/ruby-2.2.3/gems/actionpack-4.2.3/lib/action_dispatch/middleware/templates/rescues/diagnostics.html.erb within rescues/layout (49.0ms)
  Rendered /Users/Alsedair/.rvm/gems/ruby-2.2.3/gems/web-console-2.3.0/lib/web_console/templates/_markup.html.erb (0.4ms)
  Rendered /Users/Alsedair/.rvm/gems/ruby-2.2.3/gems/web-console-2.3.0/lib/web_console/templates/_inner_console_markup.html.erb within layouts/inlined_string (0.3ms)
  Rendered /Users/Alsedair/.rvm/gems/ruby-2.2.3/gems/web-console-2.3.0/lib/web_console/templates/_prompt_box_markup.html.erb within layouts/inlined_string (0.3ms)
  Rendered /Users/Alsedair/.rvm/gems/ruby-2.2.3/gems/web-console-2.3.0/lib/web_console/templates/style.css.erb within layouts/inlined_string (0.3ms)
  Rendered /Users/Alsedair/.rvm/gems/ruby-2.2.3/gems/web-console-2.3.0/lib/web_console/templates/console.js.erb within layouts/javascript (52.6ms)
  Rendered /Users/Alsedair/.rvm/gems/ruby-2.2.3/gems/web-console-2.3.0/lib/web_console/templates/main.js.erb within layouts/javascript (0.9ms)
  Rendered /Users/Alsedair/.rvm/gems/ruby-2.2.3/gems/web-console-2.3.0/lib/web_console/templates/error_page.js.erb within layouts/javascript (0.5ms)
  Rendered /Users/Alsedair/.rvm/gems/ruby-2.2.3/gems/web-console-2.3.0/lib/web_console/templates/index.html.erb (115.6ms)
  [1m[36m (2.0ms)[0m  [1mCREATE TABLE "schema_migrations" ("version" varchar NOT NULL) [0m
  [1m[35m (0.4ms)[0m  select sqlite_version(*)
  [1m[36m (0.9ms)[0m  [1mCREATE UNIQUE INDEX "unique_schema_migrations" ON "schema_migrations" ("version")[0m
  [1m[35mActiveRecord::SchemaMigration Load (0.1ms)[0m  SELECT "schema_migrations".* FROM "schema_migrations"
Migrating to CreatePosts (20160719154532)
  [1m[36m (0.1ms)[0m  [1mbegin transaction[0m
  [1m[35m (0.4ms)[0m  CREATE TABLE "posts" ("id" INTEGER PRIMARY KEY AUTOINCREMENT NOT NULL, "title" varchar, "created_at" datetime NOT NULL, "updated_at" datetime NOT NULL) 
  [1m[36mSQL (0.2ms)[0m  [1mINSERT INTO "schema_migrations" ("version") VALUES (?)[0m  [["version", "20160719154532"]]
  [1m[35m (0.6ms)[0m  commit transaction
Migrating to AddAttachmentImageToPosts (20160719154935)
  [1m[36m (0.1ms)[0m  [1mbegin transaction[0m
  [1m[35m (0.3ms)[0m  ALTER TABLE "posts" ADD "image_file_name" varchar
  [1m[36m (0.1ms)[0m  [1mALTER TABLE "posts" ADD "image_content_type" varchar[0m
  [1m[35m (0.1ms)[0m  ALTER TABLE "posts" ADD "image_file_size" integer
  [1m[36m (0.1ms)[0m  [1mALTER TABLE "posts" ADD "image_updated_at" datetime[0m
  [1m[35mSQL (0.1ms)[0m  INSERT INTO "schema_migrations" ("version") VALUES (?)  [["version", "20160719154935"]]
  [1m[36m (0.5ms)[0m  [1mcommit transaction[0m
  [1m[35mActiveRecord::SchemaMigration Load (0.1ms)[0m  SELECT "schema_migrations".* FROM "schema_migrations"


Started GET "/" for ::1 at 2016-07-21 14:01:58 -0400
  [1m[36mActiveRecord::SchemaMigration Load (0.1ms)[0m  [1mSELECT "schema_migrations".* FROM "schema_migrations"[0m
Processing by PostsController#index as HTML
  [1m[35mPost Load (0.1ms)[0m  SELECT "posts".* FROM "posts"
  Rendered posts/_imageform.html.erb (13.0ms)
  Rendered posts/index.html.erb within layouts/application (18.9ms)
Completed 200 OK in 819ms (Views: 803.1ms | ActiveRecord: 0.4ms)


Started GET "/assets/posts.self-27d25947968df990eca67d91a9649b914996fb59fb6e5ef2dd87766a9dae1899.css?body=1" for ::1 at 2016-07-21 14:01:59 -0400


Started GET "/assets/application.self-bc262a8e85a394003d253bc26c2224812151dcadbfda76e05b9ed7b278cee623.css?body=1" for ::1 at 2016-07-21 14:01:59 -0400


Started GET "/assets/application.self-3b8dabdc891efe46b9a144b400ad69e37d7e5876bdc39dee783419a69d7ca819.js?body=1" for ::1 at 2016-07-21 14:01:59 -0400


Started GET "/assets/jquery.self-660adc51e0224b731d29f575a6f1ec167ba08ad06ed5deca4f1e8654c135bf4c.js?body=1" for ::1 at 2016-07-21 14:01:59 -0400


Started GET "/assets/jquery_ujs.self-e87806d0cf4489aeb1bb7288016024e8de67fd18db693fe026fe3907581e53cd.js?body=1" for ::1 at 2016-07-21 14:01:59 -0400


Started GET "/assets/turbolinks.self-c5acd7a204f5f25ce7a1d8a0e4d92e28d34c9e2df2c7371cd7af88e147e4ad82.js?body=1" for ::1 at 2016-07-21 14:01:59 -0400


Started GET "/assets/posts.self-877aef30ae1b040ab8a3aba4e3e309a11d7f2612f44dde450b5c157aa5f95c05.js?body=1" for ::1 at 2016-07-21 14:01:59 -0400


Started POST "/posts" for ::1 at 2016-07-21 14:02:23 -0400
Processing by PostsController#create as HTML
  Parameters: {"utf8"=>"✓", "authenticity_token"=>"bK626HlNfoH0WYH3UTLLVv9Qx6u06Gb4m0UXr8lRZiRhX+5X1tnRlcJRXxhw8KtqQ03ElFGDICQkpeHb31tARA==", "post"=>{"image"=>#<ActionDispatch::Http::UploadedFile:0x007faf0df3c640 @tempfile=#<Tempfile:/var/folders/r9/46jm5tpj7gj79wmj17f801d80000gn/T/RackMultipart20160721-2862-17jn3o0.png>, @original_filename="Screen Shot 2016-07-20 at 1.49.17 PM.png", @content_type="image/png", @headers="Content-Disposition: form-data; name=\"post[image]\"; filename=\"Screen Shot 2016-07-20 at 1.49.17 PM.png\"\r\nContent-Type: image/png\r\n">}, "commit"=>"ADD AN IMAGE"}
Command :: file -b --mime '/var/folders/r9/46jm5tpj7gj79wmj17f801d80000gn/T/8ad1014417c2705a0e3865aa0625427520160721-2862-15g1vi8.png'
Command :: identify -format '%wx%h,%[exif:orientation]' '/var/folders/r9/46jm5tpj7gj79wmj17f801d80000gn/T/518fca0932487c7784026c8ea5527fce20160721-2862-1wf0erp.png[0]' 2>/dev/null
Completed 500 Internal Server Error in 27ms (ActiveRecord: 0.0ms)

Paperclip::Errors::CommandNotFoundError (Could not run the `identify` command. Please install ImageMagick.):
  app/controllers/posts_controller.rb:12:in `create'


  Rendered /Users/Alsedair/.rvm/gems/ruby-2.2.3/gems/actionpack-4.2.3/lib/action_dispatch/middleware/templates/rescues/_source.erb (5.3ms)
  Rendered /Users/Alsedair/.rvm/gems/ruby-2.2.3/gems/actionpack-4.2.3/lib/action_dispatch/middleware/templates/rescues/_trace.html.erb (2.4ms)
  Rendered /Users/Alsedair/.rvm/gems/ruby-2.2.3/gems/actionpack-4.2.3/lib/action_dispatch/middleware/templates/rescues/_request_and_response.html.erb (1.4ms)
  Rendered /Users/Alsedair/.rvm/gems/ruby-2.2.3/gems/actionpack-4.2.3/lib/action_dispatch/middleware/templates/rescues/diagnostics.html.erb within rescues/layout (52.0ms)
  Rendered /Users/Alsedair/.rvm/gems/ruby-2.2.3/gems/web-console-2.3.0/lib/web_console/templates/_markup.html.erb (0.7ms)
  Rendered /Users/Alsedair/.rvm/gems/ruby-2.2.3/gems/web-console-2.3.0/lib/web_console/templates/_inner_console_markup.html.erb within layouts/inlined_string (0.3ms)
  Rendered /Users/Alsedair/.rvm/gems/ruby-2.2.3/gems/web-console-2.3.0/lib/web_console/templates/_prompt_box_markup.html.erb within layouts/inlined_string (0.3ms)
  Rendered /Users/Alsedair/.rvm/gems/ruby-2.2.3/gems/web-console-2.3.0/lib/web_console/templates/style.css.erb within layouts/inlined_string (0.4ms)
  Rendered /Users/Alsedair/.rvm/gems/ruby-2.2.3/gems/web-console-2.3.0/lib/web_console/templates/console.js.erb within layouts/javascript (48.1ms)
  Rendered /Users/Alsedair/.rvm/gems/ruby-2.2.3/gems/web-console-2.3.0/lib/web_console/templates/main.js.erb within layouts/javascript (0.4ms)
  Rendered /Users/Alsedair/.rvm/gems/ruby-2.2.3/gems/web-console-2.3.0/lib/web_console/templates/error_page.js.erb within layouts/javascript (0.4ms)
  Rendered /Users/Alsedair/.rvm/gems/ruby-2.2.3/gems/web-console-2.3.0/lib/web_console/templates/index.html.erb (105.9ms)


Started GET "/" for ::1 at 2016-07-24 11:21:25 -0400
  [1m[36mActiveRecord::SchemaMigration Load (0.3ms)[0m  [1mSELECT "schema_migrations".* FROM "schema_migrations"[0m
Processing by PostsController#index as HTML
  [1m[35mPost Load (0.5ms)[0m  SELECT "posts".* FROM "posts"
  Rendered posts/_imageform.html.erb (18.5ms)
  Rendered posts/index.html.erb within layouts/application (24.7ms)
Completed 200 OK in 286ms (Views: 268.3ms | ActiveRecord: 0.9ms)


Started GET "/assets/application.self-bc262a8e85a394003d253bc26c2224812151dcadbfda76e05b9ed7b278cee623.css?body=1" for ::1 at 2016-07-24 11:21:26 -0400


Started GET "/assets/posts.self-877aef30ae1b040ab8a3aba4e3e309a11d7f2612f44dde450b5c157aa5f95c05.js?body=1" for ::1 at 2016-07-24 11:21:26 -0400


Started GET "/assets/posts.self-27d25947968df990eca67d91a9649b914996fb59fb6e5ef2dd87766a9dae1899.css?body=1" for ::1 at 2016-07-24 11:21:26 -0400


Started GET "/assets/application.self-3b8dabdc891efe46b9a144b400ad69e37d7e5876bdc39dee783419a69d7ca819.js?body=1" for ::1 at 2016-07-24 11:21:26 -0400


Started POST "/posts" for ::1 at 2016-07-24 11:21:33 -0400
Processing by PostsController#create as HTML
  Parameters: {"utf8"=>"✓", "authenticity_token"=>"1wfnrrb5XhPesqVps6gg8K6Slaq0IuTzJucL8qwlTqva9r8RGW3xB+i6e4aSakDMEo+WlVFJoi+ZB/2Gui9oyw==", "post"=>{"image"=>#<ActionDispatch::Http::UploadedFile:0x007fb173fe0840 @tempfile=#<Tempfile:/var/folders/r9/46jm5tpj7gj79wmj17f801d80000gn/T/RackMultipart20160724-4960-1kfrbyk.png>, @original_filename="Screen Shot 2016-07-19 at 4.25.37 PM.png", @content_type="image/png", @headers="Content-Disposition: form-data; name=\"post[image]\"; filename=\"Screen Shot 2016-07-19 at 4.25.37 PM.png\"\r\nContent-Type: image/png\r\n">}, "commit"=>"ADD AN IMAGE"}
Command :: file -b --mime '/var/folders/r9/46jm5tpj7gj79wmj17f801d80000gn/T/3d5b82d0af9355663a4dd6901fceb13420160724-4960-13o6aah.png'
Command :: identify -format '%wx%h,%[exif:orientation]' '/var/folders/r9/46jm5tpj7gj79wmj17f801d80000gn/T/0387748326ce3a5218420912580264bf20160724-4960-db94w2.png[0]' 2>/dev/null
Completed 500 Internal Server Error in 28ms (ActiveRecord: 0.0ms)

Paperclip::Errors::CommandNotFoundError (Could not run the `identify` command. Please install ImageMagick.):
  app/controllers/posts_controller.rb:12:in `create'


  Rendered /Users/Alsedair/.rvm/gems/ruby-2.2.3/gems/actionpack-4.2.3/lib/action_dispatch/middleware/templates/rescues/_source.erb (4.9ms)
  Rendered /Users/Alsedair/.rvm/gems/ruby-2.2.3/gems/actionpack-4.2.3/lib/action_dispatch/middleware/templates/rescues/_trace.html.erb (2.2ms)
  Rendered /Users/Alsedair/.rvm/gems/ruby-2.2.3/gems/actionpack-4.2.3/lib/action_dispatch/middleware/templates/rescues/_request_and_response.html.erb (1.0ms)
  Rendered /Users/Alsedair/.rvm/gems/ruby-2.2.3/gems/actionpack-4.2.3/lib/action_dispatch/middleware/templates/rescues/diagnostics.html.erb within rescues/layout (53.3ms)
  Rendered /Users/Alsedair/.rvm/gems/ruby-2.2.3/gems/web-console-2.3.0/lib/web_console/templates/_markup.html.erb (0.4ms)
  Rendered /Users/Alsedair/.rvm/gems/ruby-2.2.3/gems/web-console-2.3.0/lib/web_console/templates/_inner_console_markup.html.erb within layouts/inlined_string (0.3ms)
  Rendered /Users/Alsedair/.rvm/gems/ruby-2.2.3/gems/web-console-2.3.0/lib/web_console/templates/_prompt_box_markup.html.erb within layouts/inlined_string (0.3ms)
  Rendered /Users/Alsedair/.rvm/gems/ruby-2.2.3/gems/web-console-2.3.0/lib/web_console/templates/style.css.erb within layouts/inlined_string (0.3ms)
  Rendered /Users/Alsedair/.rvm/gems/ruby-2.2.3/gems/web-console-2.3.0/lib/web_console/templates/console.js.erb within layouts/javascript (46.8ms)
  Rendered /Users/Alsedair/.rvm/gems/ruby-2.2.3/gems/web-console-2.3.0/lib/web_console/templates/main.js.erb within layouts/javascript (0.3ms)
  Rendered /Users/Alsedair/.rvm/gems/ruby-2.2.3/gems/web-console-2.3.0/lib/web_console/templates/error_page.js.erb within layouts/javascript (0.3ms)
  Rendered /Users/Alsedair/.rvm/gems/ruby-2.2.3/gems/web-console-2.3.0/lib/web_console/templates/index.html.erb (105.7ms)


Started GET "/" for ::1 at 2016-07-24 12:15:58 -0400
  [1m[36mActiveRecord::SchemaMigration Load (0.4ms)[0m  [1mSELECT "schema_migrations".* FROM "schema_migrations"[0m
Processing by PostsController#index as HTML
  [1m[35mPost Load (0.9ms)[0m  SELECT "posts".* FROM "posts"
  Rendered posts/_imageform.html.erb (21.5ms)
  Rendered posts/index.html.erb within layouts/application (27.9ms)
Completed 200 OK in 269ms (Views: 251.8ms | ActiveRecord: 1.1ms)


Started POST "/posts" for ::1 at 2016-07-24 12:16:07 -0400
Processing by PostsController#create as HTML
  Parameters: {"utf8"=>"✓", "authenticity_token"=>"3wlE2IZIkms7UI5bGZ4N7WM10hKTeOV0OG9ktcsjZFzS+BxnKdw9fw1YULQ4XG3R3yjRLXYTo6iHj5LB3SlCPA==", "post"=>{"image"=>#<ActionDispatch::Http::UploadedFile:0x007fa3cd163aa0 @tempfile=#<Tempfile:/var/folders/r9/46jm5tpj7gj79wmj17f801d80000gn/T/RackMultipart20160724-7249-1d2o317.png>, @original_filename="Screen Shot 2016-07-19 at 4.25.37 PM.png", @content_type="image/png", @headers="Content-Disposition: form-data; name=\"post[image]\"; filename=\"Screen Shot 2016-07-19 at 4.25.37 PM.png\"\r\nContent-Type: image/png\r\n">}, "commit"=>"ADD AN IMAGE"}
Command :: file -b --mime '/var/folders/r9/46jm5tpj7gj79wmj17f801d80000gn/T/3d5b82d0af9355663a4dd6901fceb13420160724-7249-1rfuzll.png'
Command :: identify -format '%wx%h,%[exif:orientation]' '/var/folders/r9/46jm5tpj7gj79wmj17f801d80000gn/T/0387748326ce3a5218420912580264bf20160724-7249-kjkcwv.png[0]' 2>/dev/null
Command :: identify -format %m '/var/folders/r9/46jm5tpj7gj79wmj17f801d80000gn/T/0387748326ce3a5218420912580264bf20160724-7249-kjkcwv.png[0]'
Command :: convert '/var/folders/r9/46jm5tpj7gj79wmj17f801d80000gn/T/0387748326ce3a5218420912580264bf20160724-7249-kjkcwv.png[0]' -auto-orient -resize "600x600>" '/var/folders/r9/46jm5tpj7gj79wmj17f801d80000gn/T/79f798a1e37e82e5f36bc0d4b92fa3d720160724-7249-1nluyqt'
Command :: identify -format '%wx%h,%[exif:orientation]' '/var/folders/r9/46jm5tpj7gj79wmj17f801d80000gn/T/0387748326ce3a5218420912580264bf20160724-7249-kjkcwv.png[0]' 2>/dev/null
Command :: identify -format %m '/var/folders/r9/46jm5tpj7gj79wmj17f801d80000gn/T/0387748326ce3a5218420912580264bf20160724-7249-kjkcwv.png[0]'
Command :: convert '/var/folders/r9/46jm5tpj7gj79wmj17f801d80000gn/T/0387748326ce3a5218420912580264bf20160724-7249-kjkcwv.png[0]' -auto-orient -resize "300x300>" '/var/folders/r9/46jm5tpj7gj79wmj17f801d80000gn/T/79f798a1e37e82e5f36bc0d4b92fa3d720160724-7249-1dqddku'
Command :: identify -format '%wx%h,%[exif:orientation]' '/var/folders/r9/46jm5tpj7gj79wmj17f801d80000gn/T/0387748326ce3a5218420912580264bf20160724-7249-kjkcwv.png[0]' 2>/dev/null
Command :: identify -format %m '/var/folders/r9/46jm5tpj7gj79wmj17f801d80000gn/T/0387748326ce3a5218420912580264bf20160724-7249-kjkcwv.png[0]'
Command :: convert '/var/folders/r9/46jm5tpj7gj79wmj17f801d80000gn/T/0387748326ce3a5218420912580264bf20160724-7249-kjkcwv.png[0]' -auto-orient -resize "100x100>" '/var/folders/r9/46jm5tpj7gj79wmj17f801d80000gn/T/79f798a1e37e82e5f36bc0d4b92fa3d720160724-7249-1sc6izy'
  [1m[36m (0.1ms)[0m  [1mbegin transaction[0m
Command :: file -b --mime '/var/folders/r9/46jm5tpj7gj79wmj17f801d80000gn/T/3d5b82d0af9355663a4dd6901fceb13420160724-7249-3osumm.png'
  [1m[35mSQL (0.6ms)[0m  INSERT INTO "posts" ("image_file_name", "image_content_type", "image_file_size", "image_updated_at", "created_at", "updated_at") VALUES (?, ?, ?, ?, ?, ?)  [["image_file_name", "Screen_Shot_2016-07-19_at_4.25.37_PM.png"], ["image_content_type", "image/png"], ["image_file_size", 1382288], ["image_updated_at", "2016-07-24 16:16:07.316712"], ["created_at", "2016-07-24 16:16:08.057503"], ["updated_at", "2016-07-24 16:16:08.057503"]]
  [1m[36m (0.7ms)[0m  [1mcommit transaction[0m
Redirected to http://localhost:3000/
Completed 302 Found in 766ms (ActiveRecord: 1.5ms)


Started GET "/" for ::1 at 2016-07-24 12:16:08 -0400
Processing by PostsController#index as HTML
  [1m[35mPost Load (0.1ms)[0m  SELECT "posts".* FROM "posts"
  Rendered posts/_imageform.html.erb (1.1ms)
  Rendered posts/index.html.erb within layouts/application (3.6ms)
Completed 200 OK in 20ms (Views: 18.7ms | ActiveRecord: 0.1ms)


Started POST "/posts" for ::1 at 2016-07-25 10:23:30 -0400
Processing by PostsController#create as HTML
  Parameters: {"utf8"=>"✓", "authenticity_token"=>"bK626HlNfoH0WYH3UTLLVv9Qx6u06Gb4m0UXr8lRZiRhX+5X1tnRlcJRXxhw8KtqQ03ElFGDICQkpeHb31tARA==", "post"=>{"image"=>#<ActionDispatch::Http::UploadedFile:0x007fa3d32eeb58 @tempfile=#<Tempfile:/var/folders/r9/46jm5tpj7gj79wmj17f801d80000gn/T/RackMultipart20160725-7249-jx4j6h.png>, @original_filename="Screen Shot 2016-07-19 at 4.25.37 PM.png", @content_type="image/png", @headers="Content-Disposition: form-data; name=\"post[image]\"; filename=\"Screen Shot 2016-07-19 at 4.25.37 PM.png\"\r\nContent-Type: image/png\r\n">}, "commit"=>"ADD AN IMAGE"}
Command :: file -b --mime '/var/folders/r9/46jm5tpj7gj79wmj17f801d80000gn/T/3d5b82d0af9355663a4dd6901fceb13420160725-7249-cy8plu.png'
Command :: identify -format '%wx%h,%[exif:orientation]' '/var/folders/r9/46jm5tpj7gj79wmj17f801d80000gn/T/0387748326ce3a5218420912580264bf20160725-7249-51wmm0.png[0]' 2>/dev/null
Command :: identify -format %m '/var/folders/r9/46jm5tpj7gj79wmj17f801d80000gn/T/0387748326ce3a5218420912580264bf20160725-7249-51wmm0.png[0]'
Command :: convert '/var/folders/r9/46jm5tpj7gj79wmj17f801d80000gn/T/0387748326ce3a5218420912580264bf20160725-7249-51wmm0.png[0]' -auto-orient -resize "600x600>" '/var/folders/r9/46jm5tpj7gj79wmj17f801d80000gn/T/fc503a66e673e2d01dcf23c647df220520160725-7249-1pomgy4'
Command :: identify -format '%wx%h,%[exif:orientation]' '/var/folders/r9/46jm5tpj7gj79wmj17f801d80000gn/T/0387748326ce3a5218420912580264bf20160725-7249-51wmm0.png[0]' 2>/dev/null
Command :: identify -format %m '/var/folders/r9/46jm5tpj7gj79wmj17f801d80000gn/T/0387748326ce3a5218420912580264bf20160725-7249-51wmm0.png[0]'
Command :: convert '/var/folders/r9/46jm5tpj7gj79wmj17f801d80000gn/T/0387748326ce3a5218420912580264bf20160725-7249-51wmm0.png[0]' -auto-orient -resize "300x300>" '/var/folders/r9/46jm5tpj7gj79wmj17f801d80000gn/T/fc503a66e673e2d01dcf23c647df220520160725-7249-amkrea'
Command :: identify -format '%wx%h,%[exif:orientation]' '/var/folders/r9/46jm5tpj7gj79wmj17f801d80000gn/T/0387748326ce3a5218420912580264bf20160725-7249-51wmm0.png[0]' 2>/dev/null
Command :: identify -format %m '/var/folders/r9/46jm5tpj7gj79wmj17f801d80000gn/T/0387748326ce3a5218420912580264bf20160725-7249-51wmm0.png[0]'
Command :: convert '/var/folders/r9/46jm5tpj7gj79wmj17f801d80000gn/T/0387748326ce3a5218420912580264bf20160725-7249-51wmm0.png[0]' -auto-orient -resize "100x100>" '/var/folders/r9/46jm5tpj7gj79wmj17f801d80000gn/T/fc503a66e673e2d01dcf23c647df220520160725-7249-1r05jhd'
  [1m[36m (0.9ms)[0m  [1mbegin transaction[0m
Command :: file -b --mime '/var/folders/r9/46jm5tpj7gj79wmj17f801d80000gn/T/3d5b82d0af9355663a4dd6901fceb13420160725-7249-bn7t76.png'
  [1m[35mSQL (0.8ms)[0m  INSERT INTO "posts" ("image_file_name", "image_content_type", "image_file_size", "image_updated_at", "created_at", "updated_at") VALUES (?, ?, ?, ?, ?, ?)  [["image_file_name", "Screen_Shot_2016-07-19_at_4.25.37_PM.png"], ["image_content_type", "image/png"], ["image_file_size", 1382288], ["image_updated_at", "2016-07-25 14:23:30.091541"], ["created_at", "2016-07-25 14:23:30.872510"], ["updated_at", "2016-07-25 14:23:30.872510"]]
  [1m[36m (0.7ms)[0m  [1mcommit transaction[0m
Redirected to http://localhost:3000/
Completed 302 Found in 836ms (ActiveRecord: 2.3ms)


Started GET "/" for ::1 at 2016-07-25 10:23:30 -0400
Processing by PostsController#index as HTML
  [1m[35mPost Load (0.2ms)[0m  SELECT "posts".* FROM "posts"
  Rendered posts/_imageform.html.erb (2.8ms)
  Rendered posts/index.html.erb within layouts/application (7.2ms)
Completed 200 OK in 35ms (Views: 33.8ms | ActiveRecord: 0.2ms)


Started GET "/" for ::1 at 2016-07-25 10:23:41 -0400
Processing by PostsController#index as HTML
  [1m[36mPost Load (0.3ms)[0m  [1mSELECT "posts".* FROM "posts"[0m
  Rendered posts/_imageform.html.erb (1.0ms)
  Rendered posts/index.html.erb within layouts/application (3.9ms)
Completed 200 OK in 16ms (Views: 15.8ms | ActiveRecord: 0.3ms)
